0 info it worked if it ends with ok
1 verbose cli [ 'D:\\Program Files\\nodejs\\node.exe',
1 verbose cli   'D:\\Program Files\\nodejs\\node_modules\\npm\\bin\\npm-cli.js',
1 verbose cli   'run',
1 verbose cli   'dev' ]
2 info using npm@3.10.10
3 info using node@v6.11.4
4 verbose run-script [ 'predev', 'dev', 'postdev' ]
5 info lifecycle benshi@0.0.2~predev: benshi@0.0.2
6 silly lifecycle benshi@0.0.2~predev: no script for predev, continuing
7 info lifecycle benshi@0.0.2~dev: benshi@0.0.2
8 verbose lifecycle benshi@0.0.2~dev: unsafe-perm in lifecycle true
9 verbose lifecycle benshi@0.0.2~dev: PATH: D:\Program Files\nodejs\node_modules\npm\bin\node-gyp-bin;E:\Woo\2018暑期实训\project\myproject\node_modules\.bin;C:\ProgramData\Oracle\Java\javapath;C:\WINDOWS\system32;C:\WINDOWS;C:\WINDOWS\System32\Wbem;C:\WINDOWS\System32\WindowsPowerShell\v1.0\;C:\Program Files\Java\jdk1.8.0_131\bin;C:\Program Files\Java\jdk1.8.0_131\jre\bin;C:\Program Files\Apache Software Foundation\Tomcat 8.5\lib;C:\Program Files\Apache Software Foundation\Tomcat 8.5\bin;C:\Program Files\Microsoft SQL Server\130\Tools\Binn\;D:\Program Files (x86)\Graphviz2.38\bin;D:\Program Files\nodejs\;D:\Program Files\MATLAB\R2016b\runtime\win64;D:\Program Files\MATLAB\R2016b\bin;D:\Program Files\MATLAB\R2016b\polyspace\bin;D:\Program Files (x86)\mysql-5.7.20-winx64\bin;C:\Program Files (x86)\ClockworkMod\Universal Adb Driver\;C:\Program Files\MySQL\MySQL Utilities 1.6\;C:\Program Files\MySQL\MySQL Server 5.7\bin;C:\WINDOWS\System32\OpenSSH\;D:\Program Files\Git\bin;C:\Users\Aini\AppData\Local\Microsoft\WindowsApps;;D:\Program Files\Microsoft VS Code\bin;C:\Users\Aini\AppData\Roaming\npm
10 verbose lifecycle benshi@0.0.2~dev: CWD: E:\Woo\2018暑期实训\project\myproject
11 silly lifecycle benshi@0.0.2~dev: Args: [ '/d /s /c', 'wepy build --watch' ]
12 silly lifecycle benshi@0.0.2~dev: Returned: code: 1  signal: null
13 info lifecycle benshi@0.0.2~dev: Failed to exec dev script
14 verbose stack Error: benshi@0.0.2 dev: `wepy build --watch`
14 verbose stack Exit status 1
14 verbose stack     at EventEmitter.<anonymous> (D:\Program Files\nodejs\node_modules\npm\lib\utils\lifecycle.js:255:16)
14 verbose stack     at emitTwo (events.js:106:13)
14 verbose stack     at EventEmitter.emit (events.js:191:7)
14 verbose stack     at ChildProcess.<anonymous> (D:\Program Files\nodejs\node_modules\npm\lib\utils\spawn.js:40:14)
14 verbose stack     at emitTwo (events.js:106:13)
14 verbose stack     at ChildProcess.emit (events.js:191:7)
14 verbose stack     at maybeClose (internal/child_process.js:920:16)
14 verbose stack     at Process.ChildProcess._handle.onexit (internal/child_process.js:230:5)
15 verbose pkgid benshi@0.0.2
16 verbose cwd E:\Woo\2018暑期实训\project\myproject
17 error Windows_NT 10.0.17134
18 error argv "D:\\Program Files\\nodejs\\node.exe" "D:\\Program Files\\nodejs\\node_modules\\npm\\bin\\npm-cli.js" "run" "dev"
19 error node v6.11.4
20 error npm  v3.10.10
21 error code ELIFECYCLE
22 error benshi@0.0.2 dev: `wepy build --watch`
22 error Exit status 1
23 error Failed at the benshi@0.0.2 dev script 'wepy build --watch'.
23 error Make sure you have the latest version of node.js and npm installed.
23 error If you do, this is most likely a problem with the benshi package,
23 error not with npm itself.
23 error Tell the author that this fails on your system:
23 error     wepy build --watch
23 error You can get information on how to open an issue for this project with:
23 error     npm bugs benshi
23 error Or if that isn't available, you can get their info via:
23 error     npm owner ls benshi
23 error There is likely additional logging output above.
24 verbose exit [ 1, true ]
